<?xml version="1.0" encoding="UTF-8"?>
<testng-results skipped="0" failed="0" ignored="0" total="2" passed="2">
  <reporter-output>
  </reporter-output>
  <suite name="BDD Test Suite" duration-ms="92486" started-at="2020-01-06T01:24:23Z" finished-at="2020-01-06T01:25:56Z">
    <groups>
      <group name="cucumber">
        <method signature="TestRunner.feature(cucumber.api.testng.CucumberFeatureWrapper)[pri:0, instance:runner.TestRunner@153f5a29]" name="feature" class="runner.TestRunner"/>
      </group> <!-- cucumber -->
    </groups>
    <test name="MACTEST FIREFOX" duration-ms="92486" started-at="2020-01-06T01:24:23Z" finished-at="2020-01-06T01:25:56Z">
      <class name="runner.TestRunner">
        <test-method status="PASS" signature="setUpCucumber()[pri:0, instance:runner.TestRunner@153f5a29]" name="setUpCucumber" is-config="true" duration-ms="375" started-at="2020-01-06T01:24:23Z" finished-at="2020-01-06T01:24:24Z">
          <reporter-output>
          </reporter-output>
        </test-method> <!-- setUpCucumber -->
        <test-method status="PASS" signature="setUpClass(java.lang.String, java.lang.String, java.lang.String)[pri:0, instance:runner.TestRunner@153f5a29]" name="setUpClass" is-config="true" duration-ms="9279" started-at="2020-01-06T01:24:24Z" finished-at="2020-01-06T01:24:33Z">
          <params>
            <param index="0">
              <value>
                <![CDATA[chromedriver]]>
              </value>
            </param>
            <param index="1">
              <value>
                <![CDATA[latest]]>
              </value>
            </param>
            <param index="2">
              <value>
                <![CDATA[mac]]>
              </value>
            </param>
          </params>
          <reporter-output>
          </reporter-output>
        </test-method> <!-- setUpClass -->
        <test-method status="PASS" signature="feature(cucumber.api.testng.CucumberFeatureWrapper)[pri:0, instance:runner.TestRunner@153f5a29]" name="feature" duration-ms="66511" started-at="2020-01-06T01:24:33Z" description="Runs Cucumber Feature" data-provider="features" finished-at="2020-01-06T01:25:40Z">
          <params>
            <param index="0">
              <value>
                <![CDATA[Add Customer]]>
              </value>
            </param>
          </params>
          <reporter-output>
          </reporter-output>
        </test-method> <!-- feature -->
        <test-method status="PASS" signature="setUpClass(java.lang.String, java.lang.String, java.lang.String)[pri:0, instance:runner.TestRunner@153f5a29]" name="setUpClass" is-config="true" duration-ms="6314" started-at="2020-01-06T01:25:40Z" finished-at="2020-01-06T01:25:46Z">
          <params>
            <param index="0">
              <value>
                <![CDATA[chromedriver]]>
              </value>
            </param>
            <param index="1">
              <value>
                <![CDATA[latest]]>
              </value>
            </param>
            <param index="2">
              <value>
                <![CDATA[mac]]>
              </value>
            </param>
          </params>
          <reporter-output>
          </reporter-output>
        </test-method> <!-- setUpClass -->
        <test-method status="PASS" signature="feature(cucumber.api.testng.CucumberFeatureWrapper)[pri:0, instance:runner.TestRunner@153f5a29]" name="feature" duration-ms="9482" started-at="2020-01-06T01:25:46Z" description="Runs Cucumber Feature" data-provider="features" finished-at="2020-01-06T01:25:55Z">
          <params>
            <param index="0">
              <value>
                <![CDATA[Open Account]]>
              </value>
            </param>
          </params>
          <reporter-output>
          </reporter-output>
        </test-method> <!-- feature -->
        <test-method status="PASS" signature="tearDownClass()[pri:0, instance:runner.TestRunner@153f5a29]" name="tearDownClass" is-config="true" duration-ms="265" started-at="2020-01-06T01:25:55Z" finished-at="2020-01-06T01:25:56Z">
          <reporter-output>
          </reporter-output>
        </test-method> <!-- tearDownClass -->
      </class> <!-- runner.TestRunner -->
    </test> <!-- MACTEST FIREFOX -->
  </suite> <!-- BDD Test Suite -->
</testng-results>
