<?xml version="1.0" encoding="UTF-8"?>
<testng-results skipped="0" failed="0" ignored="0" total="1" passed="1">
  <reporter-output>
  </reporter-output>
  <suite name="BDD Test Suite" duration-ms="21704" started-at="2020-01-06T10:48:45 ICT" finished-at="2020-01-06T10:49:06 ICT">
    <groups>
      <group name="cucumber">
        <method signature="TestRunner.feature(cucumber.api.testng.CucumberFeatureWrapper)[pri:0, instance:runner.TestRunner@3159c4b8]" name="feature" class="runner.TestRunner"/>
      </group> <!-- cucumber -->
    </groups>
    <test name="WINDOWN CHROME" duration-ms="21704" started-at="2020-01-06T10:48:45 ICT" finished-at="2020-01-06T10:49:06 ICT">
      <class name="runner.TestRunner">
        <test-method status="PASS" signature="setUpCucumber()[pri:0, instance:runner.TestRunner@3159c4b8]" name="setUpCucumber" is-config="true" duration-ms="326" started-at="2020-01-06T10:48:45 ICT" finished-at="2020-01-06T10:48:45 ICT">
          <reporter-output>
          </reporter-output>
        </test-method> <!-- setUpCucumber -->
        <test-method status="PASS" signature="setUpClass(java.lang.String, java.lang.String, java.lang.String)[pri:0, instance:runner.TestRunner@3159c4b8]" name="setUpClass" is-config="true" duration-ms="6359" started-at="2020-01-06T10:48:45 ICT" finished-at="2020-01-06T10:48:52 ICT">
          <params>
            <param index="0">
              <value>
                <![CDATA[chromedriver]]>
              </value>
            </param>
            <param index="1">
              <value>
                <![CDATA[latest]]>
              </value>
            </param>
            <param index="2">
              <value>
                <![CDATA[windown]]>
              </value>
            </param>
          </params>
          <reporter-output>
          </reporter-output>
        </test-method> <!-- setUpClass -->
        <test-method status="PASS" signature="feature(cucumber.api.testng.CucumberFeatureWrapper)[pri:0, instance:runner.TestRunner@3159c4b8]" name="feature" duration-ms="14619" started-at="2020-01-06T10:48:52 ICT" description="Runs Cucumber Feature" data-provider="features" finished-at="2020-01-06T10:49:06 ICT">
          <params>
            <param index="0">
              <value>
                <![CDATA[Login page]]>
              </value>
            </param>
          </params>
          <reporter-output>
          </reporter-output>
        </test-method> <!-- feature -->
        <test-method status="PASS" signature="tearDownClass()[pri:0, instance:runner.TestRunner@3159c4b8]" name="tearDownClass" is-config="true" duration-ms="211" started-at="2020-01-06T10:49:06 ICT" finished-at="2020-01-06T10:49:06 ICT">
          <reporter-output>
          </reporter-output>
        </test-method> <!-- tearDownClass -->
      </class> <!-- runner.TestRunner -->
    </test> <!-- WINDOWN CHROME -->
  </suite> <!-- BDD Test Suite -->
</testng-results>
